364
254
202
221
103
97
54
49
68
122
54
33
65
49
74
35
100
44
110
62
52
81
66
88
56
104
28
108
16
53
38
91
93
36
80
53
48
50
35
64
25
48
31
42
32
24
43
53
36
19
44
26
43
50
20
24
50
25
24
18
41
55
43
23
28
52
19
47
40
11
28
28
34
23
22
13
18
17
14
22
12
14
18
13
9
25
36
19
18
78
21
22
70
46
19
26
47
18
13
44
15
28
30
12
38
41
18
13
44
47
12
14
14
14
9
28
24
30
28
12
27
35
31
11
14
49
24
15
21
25
63
44
6
9
35
13
9
30
32
15
39
36
17
19
6
41
9
14
10
7
21
14
13
30
19
41
12
20
43
26
14
48
10
7
11
6
4
18
43
19
47
33
26
16
70
24
12
21
12
15
24
11
26
30
10
15
12
79
6
11
10
13
13
9
12
7
29
5
25
36
28
38
8
29
16
30
31
18
20
22
28
9
5
4
6
18
5
9
10
13
12
10
8
11
27
9
16
10
12
36
9
18
16
17
28
21
24
10
11
24
27
13
11
22
12
6
23
5
10
5
42
4
10
12
16
13
23
32
3
13
3
3
7
17
11
7
10
10
7
19
18
13
14
8
11
8
5
10
8
12
9
6
4
5
6
7
3
10
8
5
7
4
7
6
7
5
8
11
16
11
16
3
9
3
9
6
16
10
3
4
5
10
12
6
6
5
6
10
8
8
4
10
6
4
8
8
10
6
10
5
8
5
5
4
10
5
6
2
3
5
6
4
10
3
4
3
6
2
6
3
3
12
5
6
3
3
3
5
2
5
5
4
9
2
2
25
39
11
13
24
24
21
6
23
13
22
12
15
25
17
8
17
14
50
5
10
31
88
13
42
47
9
15
31
7
9
15
19
12
8
10
18
6
5
4
18
15
18
14
35
16
54
14
9
13
37
6
6
14
12
4
23
5
5
5
5
8
6
8
8
7
2
23
2
7
8
7
5
5
3
7
11
3
9
3
5
3
8
2
6
2
7
11
7
4
2
2
3
31
43
26
12
20
25
34
22
22
32
15
35
15
4
4
10
18
5
34
9
30
9
7
4
20
5
12
16
6
8
28
6
12
4
6
4
4
4
3
16
4
13
2
4
6
7
6
3
7
4
4
2
2
3
4
2
2
2
2
2
5
2
2
25
41
16
10
19
27
12
17
19
12
14
24
4
13
15
10
6
28
4
8
8
13
4
9
7
5
8
22
6
4
21
5
4
4
18
5
4
13
13
11
15
14
9
7
4
5
34
13
4
4
12
29
12
3
9
6
3
6
8
2
6
5
4
5
3
2
3
2
3
2
14
17
15
5
11
13
13
5
6
5
7
3
4
2
3
3
4
32
21
9
27
19
7
20
6
6
4
4
9
2
11
2
3
2
5
3
6
25
22
18
11
9
8
5
4
6
9
2
8
13
6
3
2
2
7
2
3
11
2
2
3
6
2
2
3
4
14
12
5
20
6
9
16
4
4
8
7
5
3
4
5
2
2
22
13
5
5
11
8
6
7
6
14
3
6
9
5
2
9
4
4
5
3
9
2
2
13
12
13
12
18
7
7
14
15
13
14
9
9
13
11
9
9
10
9
2
3
9
7
23
6
5
3
2
3
3
5
3
9
7
3
11
5
9
5
15
11
8
7
8
7
8
8
3
2
2
2
3
3
15
12
6
6
6
6
2
2
12
6
8
4
4
20
5
2
2
3
3
7
4
4
3
4
2
2
2
2
28
15
15
20
14
5
19
17
9
2
9
9
4
4
8
9
4
11
5
4
6
9
4
9
4
4
2
4
18
3
3
8
22
6
2
20
2
4
5
2
2
9
5
7
4
4
4
5
5
3
3
3
4
4
10
2
2
9
13
17
12
10
13
6
6
5
16
13
4
3
5
3
3
7
7
14
7
5
5
3
5
10
10
10
2
4
2
29
24
11
7
5
11
3
3
11
10
4
2
5
8
3
7
2
2
4
3
4
16
10
10
11
20
8
7
7
23
3
7
3
6
10
10
6
3
3
3
3
4
8
2
3
10
24
7
9
2
7
2
2
11
4
2
2
7
7
7
3
3
3
9
7
3
6
6
9
4
4
2
9
3
4
5
3
3
4
21
7
7
4
3
4
3
2
3
6
17
3
2
4
6
4
4
2
2
2
11
2
2
3
11
5
3
16
3
9
6
3
2
2
4
3
2
5
2
6
23
9
14
28
17
2
11
19
3
16
10
11
3
7
2
9
2
2
2
2
9
12
7
7
2
6
2
7
2
2
2
3
3
5
3
2
11
16
11
11
10
7
15
7
15
15
6
5
10
3
4
9
8
3
4
5
7
4
10
10
10
10
3
3
2
12
5
2
2
4
4
5
6
14
7
2
2
12
6
6
18
6
4
6
3
7
3
14
3
6
8
2
5
2
3
2
2
7
5
4
24
6
5
4
4
4
2
5
10
5
6
8
2
2
7
5
9
3
2
3
9
3
20
18
4
2
6
6
6
11
17
11
10
13
9
4
4
6
14
11
5
5
9
11
10
2
2
4
4
5
2
12
4
3
3
3
2
13
8
6
6
6
4
5
3
3
5
2
5
5
4
4
3
2
2
2
2
2
15
7
3
3
6
2
2
4
4
10
2
6
2
7
8
6
6
6
6
3
2
6
2
2
5
5
10
6
8
8
2
15
3
5
5
3
2
10
11
14
6
2
2
2
3
2
2
2
5
4
4
3
2
2
2
9
4
4
9
9
9
9
3
5
16
6
4
10
5
12
4
2
6
6
6
8
3
2
13
4
5
2
6
8
4
5
3
2
2
2
6
3
4
2
2
3
10
14
14
14
12
9
9
15
2
7
3
3
10
11
7
6
9
3
4
3
4
5
5
5
3
2
2
5
3
5
2
4
4
2
4
2
2
2
3
3
9
2
2
4
7
2
6
3
5
10
5
8
10
8
6
12
7
2
7
3
2
5
5
2
5
2
4
3
3
6
6
6
6
6
6
21
2
2
7
3
5
2
4
6
6
6
6
3
3
2
2
2
5
4
4
4
3
4
2
2
5
5
4
2
3
2
6
2
2
2
2
2
2
4
3
4
4
4
8
7
4
4
2
2
5
2
2
2
5
5
3
5
5
5
5
5
4
3
3
3
4
2
2
3
3
4
4
4
4
3
3
3
2
3
4
4
3
2
2
5
4
4
4
4
4
4
2
3
3
3
2
3
2
2
3
3
3
7
7
7
7
3
2
7
4
7
2
6
5
5
2
2
5
3
3
2
3
3
2
3
5
2
2
2
2
4
2
5
5
3
2
4
5
4
3
6
4
3
3
3
2
3
4
3
6
2
2
7
4
2
3
2
3
2
3
3
3
3
2
3
3
3
3
3
3
2
4
2
3
2
2
2
3
3
9
13
2
3
4
4
2
2
3
11
3
2
7
7
7
7
7
2
7
3
2
4
5
2
6
2
2
2
5
2
2
2
2
2
2
2
4
4
3
3
4
4
4
4
3
3
8
2
2
2
4
4
4
2
7
3
5
3
3
3
2
2
2
3
2
2
2
2
3
4
4
2
3
3
4
4
3
2
2
6
4
3
2
2
3
3
3
5
2
2
2
2
4
3
3
3
3
7
2
4
3
4
3
2
3
6
2
3
3
2
2
5
4
3
2
2
2
2
3
7
2
2
3
2
4
4
3
4
2
2
3
3
4
2
2
4
4
3
3
4
4
4
4
2
2
2
2
2
2
2
4
2
4
4
4
2
2
2
3
3
3
3
4
2
3
2
2
2
2
2
2
2
6
2
2
2
2
2
7
2
5
5
5
5
2
2
2
2
2
2
2
2
2
2
2
2
4
4
2
2
2
2
2
2
2
4
4
4
2
2
2
2
2
2
2
2
2
2
2
2
2
2
2
2
2
3
3
3
3
2
3
3
3
3
2
2
2
2
2
2
2
2
2
2
2
2
2
2
2
2
2
2
2
2
2
2
2
2
2
2
2
