Bavelas-48   Leavitt-49   {'weight': 1.0}
Bavelas-48   Leavitt-51   {'weight': 1.0}
Bavelas-48   ChrisLM-52   {'weight': 1.0}
Bavelas-48   Shaw...-53   {'weight': 1.0}
Bavelas-48   Hirota.-53   {'weight': 1.0}
Bavelas-48   Shelly.-53   {'weight': 1.0}
Bavelas-48   Shaw...A54   {'weight': 1.0}
Bavelas-48   Shaw...C54   {'weight': 1.0}
Bavelas-48   Walker.-54   {'weight': 1.0}
Bavelas-48   Shaw...B55   {'weight': 1.0}
Bavelas-48   GuetzkS-55   {'weight': 1.0}
Bavelas-48   Mulder.-55   {'weight': 1.0}
Bavelas-48   ChrisLM-56   {'weight': 1.0}
Bavelas-48   FlamentA56   {'weight': 1.0}
Bavelas-48   LanzetR-57   {'weight': 1.0}
Bavelas-48   #FlamentA58   {'weight': 1.0}
Bavelas-48   --- 63 -     {'weight': 1.0}
Bavelas-48   Mulder.A59   {'weight': 1.0}
Bavelas-48   Mulder.B59   {'weight': 1.0}
Bavelas-48   Mulder.A60   {'weight': 1.0}
Bavelas-48   Mulder.B60   {'weight': 1.0}
Bavelas-48   CohenBW-61   {'weight': 1.0}
Bavelas-48   Flament-63   {'weight': 1.0}
Bavelas-48   Carzo..-63   {'weight': 1.0}
Bavelas-48   Lawson.A64   {'weight': 1.0}
Bavelas-48   MorisPS-65   {'weight': 1.0}
Bavelas-48   Sabidus-66   {'weight': 1.0}
Bavelas-48   MacKenz-66   {'weight': 1.0}
Bavelas-48   Harshbe-71   {'weight': 1.0}
Bavelas-48   DoktorM-74   {'weight': 1.0}
Bavelas-48   Freeman-77   {'weight': 1.0}
Bavelas-48   Freeman-79   {'weight': 1.0}
Leavitt-49   Smith..-50   {'weight': 1.0}
Leavitt-49   Smith..-51   {'weight': 1.0}
Leavitt-49   Freeman-79   {'weight': 1.0}
Smith..-50   ChrisLM-52   {'weight': 1.0}
Smith..-50   Freeman-79   {'weight': 1.0}
Bavelas-50   ChrisLM-52   {'weight': 1.0}
Bavelas-50   Shaw...-53   {'weight': 1.0}
Bavelas-50   Hirota.-53   {'weight': 1.0}
Bavelas-50   MacyCL.-53   {'weight': 1.0}
Bavelas-50   Shelly.-53   {'weight': 1.0}
Bavelas-50   Shaw...A54   {'weight': 1.0}
Bavelas-50   Shaw...C54   {'weight': 1.0}
Bavelas-50   Karanef-54   {'weight': 1.0}
Bavelas-50   ChristiB54   {'weight': 1.0}
Bavelas-50   Goldber-55   {'weight': 1.0}
Bavelas-50   GuetzkS-55   {'weight': 1.0}
Bavelas-50   ChrisLM-56   {'weight': 1.0}
Bavelas-50   LanzetRB56   {'weight': 1.0}
Bavelas-50   Shaw...-56   {'weight': 1.0}
Bavelas-50   ShawR..-56   {'weight': 1.0}
Bavelas-50   Trow...-57   {'weight': 1.0}
Bavelas-50   GuetzkD-57   {'weight': 1.0}
Bavelas-50   LanzetR-57   {'weight': 1.0}
Bavelas-50   #FlamentA58   {'weight': 2.0}
Bavelas-50   --- 63 -     {'weight': 1.0}
Bavelas-50   Shaw...-59   {'weight': 1.0}
Bavelas-50   Mulder.A59   {'weight': 1.0}
Bavelas-50   Mulder.B59   {'weight': 1.0}
Bavelas-50   Guetzko-60   {'weight': 1.0}
Bavelas-50   Mulder.A60   {'weight': 1.0}
Bavelas-50   Mulder.B60   {'weight': 1.0}
Bavelas-50   Flament-61   {'weight': 1.0}
Bavelas-50   CohenBW-61   {'weight': 1.0}
Bavelas-50   Cohen..-62   {'weight': 1.0}
Bavelas-50   Carzo..-63   {'weight': 1.0}
Bavelas-50   Lawson.-65   {'weight': 1.0}
Bavelas-50   Beaucha-65   {'weight': 1.0}
Bavelas-50   MorisPS-65   {'weight': 1.0}
Bavelas-50   Sabidus-66   {'weight': 1.0}
Bavelas-50   MacKenz-66   {'weight': 1.0}
Bavelas-50   FaucheM-66   {'weight': 1.0}
Bavelas-50   Cohen..-67   {'weight': 1.0}
Bavelas-50   BurgessB68   {'weight': 1.0}
Bavelas-50   BurgessC68   {'weight': 1.0}
Bavelas-50   Harshbe-71   {'weight': 1.0}
Bavelas-50   Niemine-73   {'weight': 1.0}
Bavelas-50   CohenRF-73   {'weight': 1.0}
Bavelas-50   DoktorM-74   {'weight': 1.0}
Bavelas-50   Niemine-74   {'weight': 1.0}
Bavelas-50   MoxleyM-74   {'weight': 1.0}
Bavelas-50   Rogers.-74   {'weight': 1.0}
Bavelas-50   RogersA-76   {'weight': 1.0}
Bavelas-50   Freeman-77   {'weight': 1.0}
Bavelas-50   Freeman-79   {'weight': 1.0}
Smith..-51   ChrisLM-52   {'weight': 1.0}
Leavitt-51   BavelaB-51   {'weight': 1.0}
Leavitt-51   HeiseM.-51   {'weight': 1.0}
Leavitt-51   ChrisLM-52   {'weight': 1.0}
Leavitt-51   Shaw...-53   {'weight': 1.0}
Leavitt-51   Hirota.-53   {'weight': 1.0}
Leavitt-51   Rogge..-53   {'weight': 1.0}
Leavitt-51   MacyCL.-53   {'weight': 1.0}
Leavitt-51   Shelly.-53   {'weight': 1.0}
Leavitt-51   #GilchSW-54   {'weight': 1.0}
Leavitt-51   Shaw...A54   {'weight': 1.0}
Leavitt-51   Shaw...C54   {'weight': 1.0}
Leavitt-51   Walker.-54   {'weight': 1.0}
Leavitt-51   Karanef-54   {'weight': 1.0}
Leavitt-51   ChristiB54   {'weight': 1.0}
Leavitt-51   Goldber-55   {'weight': 1.0}
Leavitt-51   Shaw...B55   {'weight': 1.0}
Leavitt-51   GuetzkS-55   {'weight': 1.0}
Leavitt-51   ChrisLM-56   {'weight': 1.0}
Leavitt-51   FlamentA56   {'weight': 1.0}
Leavitt-51   Shaw...-56   {'weight': 1.0}
Leavitt-51   ShawR..-56   {'weight': 1.0}
Leavitt-51   Trow...-57   {'weight': 1.0}
Leavitt-51   GuetzkD-57   {'weight': 1.0}
Leavitt-51   ShawRS.-57   {'weight': 1.0}
Leavitt-51   #FlamentA58   {'weight': 1.0}
Leavitt-51   --- 63 -     {'weight': 1.0}
Leavitt-51   Shaw...-59   {'weight': 1.0}
Leavitt-51   Mulder.A59   {'weight': 1.0}
Leavitt-51   Mulder.B59   {'weight': 1.0}
Leavitt-51   Guetzko-60   {'weight': 1.0}
Leavitt-51   MohannA-60   {'weight': 1.0}
Leavitt-51   Mulder.A60   {'weight': 1.0}
Leavitt-51   Mulder.B60   {'weight': 1.0}
Leavitt-51   FaucheM-60   {'weight': 1.0}
Leavitt-51   Cohen..-61   {'weight': 1.0}
Leavitt-51   CohenB.-61   {'weight': 1.0}
Leavitt-51   CohenBW-61   {'weight': 1.0}
Leavitt-51   Cohen..-62   {'weight': 1.0}
Leavitt-51   CohenB.-62   {'weight': 1.0}
Leavitt-51   CohenBW-62   {'weight': 1.0}
Leavitt-51   ShurRLT-62   {'weight': 1.0}
Leavitt-51   Flament-63   {'weight': 1.0}
Leavitt-51   Carzo..-63   {'weight': 1.0}
Leavitt-51   LeavitK-63   {'weight': 1.0}
Leavitt-51   Cohen.-C64   {'weight': 1.0}
Leavitt-51   McWhinn-54   {'weight': 1.0}
Leavitt-51   Lawson.A64   {'weight': 1.0}
Leavitt-51   Lawson.B64   {'weight': 1.0}
Leavitt-51   Lawson.-65   {'weight': 1.0}
Leavitt-51   MorisSC-65   {'weight': 1.0}
Leavitt-51   MorisPS-65   {'weight': 1.0}
Leavitt-51   Sabidus-66   {'weight': 1.0}
Leavitt-51   MacKenz-66   {'weight': 1.0}
Leavitt-51   FaucheM-66   {'weight': 1.0}
Leavitt-51   Morisse-66   {'weight': 1.0}
Leavitt-51   BurgessB68   {'weight': 1.0}
Leavitt-51   CohenF.-68   {'weight': 1.0}
Leavitt-51   Harshbe-71   {'weight': 1.0}
Leavitt-51   Snadows-72   {'weight': 1.0}
Leavitt-51   DoktorM-74   {'weight': 1.0}
Leavitt-51   MoxleyM-74   {'weight': 1.0}
Leavitt-51   Snadows-74   {'weight': 1.0}
Leavitt-51   RogersA-76   {'weight': 1.0}
Leavitt-51   Freeman-77   {'weight': 1.0}
Leavitt-51   Freeman-79   {'weight': 1.0}
Guetzko-51   GuetzkD-57   {'weight': 1.0}
Guetzko-51   Mulder.A59   {'weight': 1.0}
Guetzko-51   Mulder.A60   {'weight': 1.0}
BavelaB-51   Hirota.-53   {'weight': 1.0}
BavelaB-51   MacyCL.-53   {'weight': 1.0}
BavelaB-51   ChrisLM-56   {'weight': 1.0}
BavelaB-51   Freeman-79   {'weight': 1.0}
HeiseM.-51   ChrisLM-52   {'weight': 1.0}
HeiseM.-51   Shaw...-53   {'weight': 1.0}
HeiseM.-51   Hirota.-53   {'weight': 1.0}
HeiseM.-51   MacyCL.-53   {'weight': 1.0}
HeiseM.-51   Shelly.-53   {'weight': 1.0}
HeiseM.-51   Shaw...C54   {'weight': 1.0}
HeiseM.-51   ChrisLM-56   {'weight': 1.0}
HeiseM.-51   GuetzkD-57   {'weight': 1.0}
HeiseM.-51   LanzetR-57   {'weight': 1.0}
HeiseM.-51   --- 63 -     {'weight': 1.0}
HeiseM.-51   Mulder.A59   {'weight': 1.0}
HeiseM.-51   Mulder.B59   {'weight': 1.0}
HeiseM.-51   Mulder.A60   {'weight': 1.0}
HeiseM.-51   Mulder.B60   {'weight': 1.0}
HeiseM.-51   CohenBW-61   {'weight': 1.0}
HeiseM.-51   Cohen..-62   {'weight': 1.0}
HeiseM.-51   CohenB.-62   {'weight': 1.0}
HeiseM.-51   CohenBW-62   {'weight': 1.0}
HeiseM.-51   Flament-63   {'weight': 1.0}
HeiseM.-51   MorisPS-65   {'weight': 1.0}
HeiseM.-51   BurgessB68   {'weight': 1.0}
HeiseM.-51   Snadows-72   {'weight': 1.0}
HeiseM.-51   DoktorM-74   {'weight': 1.0}
Luce...-51   ChrisLM-52   {'weight': 1.0}
ChrisLM-52   Rogge..-53   {'weight': 1.0}
ChrisLM-52   MacyCL.-53   {'weight': 1.0}
ChrisLM-52   LuceMCH-53   {'weight': 1.0}
ChrisLM-52   ChristL-54   {'weight': 1.0}
ChrisLM-52   ChristiB54   {'weight': 1.0}
ChrisLM-52   ChrisLM-56   {'weight': 1.0}
ChrisLM-52   LanzetRB56   {'weight': 1.0}
ChrisLM-52   Shaw...-56   {'weight': 1.0}
ChrisLM-52   ShawR..-56   {'weight': 1.0}
ChrisLM-52   Trow...-57   {'weight': 1.0}
ChrisLM-52   GuetzkD-57   {'weight': 1.0}
ChrisLM-52   LanzetR-57   {'weight': 1.0}
ChrisLM-52   ShawRS.-57   {'weight': 1.0}
ChrisLM-52   Shaw...-58   {'weight': 1.0}
ChrisLM-52   --- 63 -     {'weight': 1.0}
ChrisLM-52   Mulder.B59   {'weight': 1.0}
ChrisLM-52   Mulder.B60   {'weight': 1.0}
ChrisLM-52   CohenBW-61   {'weight': 1.0}
ChrisLM-52   Cohen..-62   {'weight': 1.0}
ChrisLM-52   ShurRLT-62   {'weight': 1.0}
ChrisLM-52   Flament-63   {'weight': 1.0}
ChrisLM-52   McWhinn-54   {'weight': 1.0}
ChrisLM-52   Lawson.A64   {'weight': 1.0}
ChrisLM-52   DoktorM-74   {'weight': 1.0}
Shaw...-53   DeSoto.-53   {'weight': 1.0}
Shaw...-53   Shelly.-53   {'weight': 1.0}
--- 13 -   DeSoto.-53   {'weight': 1.0}
--- 13 -   Shelly.-53   {'weight': 1.0}
--- 13 -   Walker.-54   {'weight': 1.0}
--- 13 -   Karanef-54   {'weight': 1.0}
--- 13 -   Flament-63   {'weight': 1.0}
DeSoto.-53   Shelly.-53   {'weight': 1.0}
Hirota.-53   Flament-63   {'weight': 1.0}
Hirota.-53   BurgessB68   {'weight': 1.0}
Rogge..-53   ChristM-54   {'weight': 1.0}
MacyCL.-53   LuceMCH-53   {'weight': 1.0}
MacyCL.-53   ChrisLM-56   {'weight': 1.0}
MacyCL.-53   --- 63 -     {'weight': 1.0}
MacyCL.-53   CohenBW-61   {'weight': 1.0}
MacyCL.-53   Cohen..-62   {'weight': 1.0}
MacyCL.-53   CohenB.-62   {'weight': 1.0}
MacyCL.-53   CohenBW-62   {'weight': 1.0}
MacyCL.-53   Flament-63   {'weight': 1.0}
MacyCL.-53   Snadows-72   {'weight': 1.0}
LuceMCH-53   ChristiB54   {'weight': 1.0}
LuceMCH-53   ChrisLM-56   {'weight': 1.0}
LuceMCH-53   Shaw...-56   {'weight': 1.0}
LuceMCH-53   ShawR..-56   {'weight': 1.0}
LuceMCH-53   LanzetR-57   {'weight': 1.0}
LuceMCH-53   --- 63 -     {'weight': 1.0}
LuceMCH-53   Mulder.A59   {'weight': 1.0}
LuceMCH-53   Mulder.B59   {'weight': 1.0}
LuceMCH-53   Mulder.A60   {'weight': 1.0}
LuceMCH-53   Mulder.B60   {'weight': 1.0}
LuceMCH-53   CohenBW-61   {'weight': 1.0}
LuceMCH-53   Flament-63   {'weight': 1.0}
LuceMCH-53   LeavitK-63   {'weight': 1.0}
Shelly.-53   --- 63 -     {'weight': 1.0}
#GilchSW-54   DeSoto.-53   {'weight': 1.0}
#GilchSW-54   Shelly.-53   {'weight': 1.0}
#GilchSW-54   Walker.-54   {'weight': 1.0}
#GilchSW-54   Shaw...B55   {'weight': 2.0}
#GilchSW-54   ChrisLM-56   {'weight': 1.0}
#GilchSW-54   Shaw...-56   {'weight': 2.0}
#GilchSW-54   ShawR..-56   {'weight': 2.0}
#GilchSW-54   ShawRS.-57   {'weight': 2.0}
#GilchSW-54   Shaw...-58   {'weight': 2.0}
#GilchSW-54   --- 63 -     {'weight': 1.0}
#GilchSW-54   Mulder.A59   {'weight': 2.0}
#GilchSW-54   Mulder.B59   {'weight': 2.0}
#GilchSW-54   Mulder.A60   {'weight': 2.0}
#GilchSW-54   Mulder.B60   {'weight': 2.0}
#GilchSW-54   FaucheM-60   {'weight': 1.0}
#GilchSW-54   Cohen..-61   {'weight': 1.0}
#GilchSW-54   CohenBW-61   {'weight': 1.0}
#GilchSW-54   Cohen..-62   {'weight': 1.0}
#GilchSW-54   CohenB.-62   {'weight': 1.0}
#GilchSW-54   CohenBW-62   {'weight': 1.0}
#GilchSW-54   Flament-63   {'weight': 2.0}
#GilchSW-54   Carzo..-63   {'weight': 1.0}
#GilchSW-54   Cohen.-C64   {'weight': 1.0}
#GilchSW-54   Lawson.A64   {'weight': 1.0}
#GilchSW-54   Lawson.B64   {'weight': 1.0}
#GilchSW-54   Lawson.-65   {'weight': 1.0}
#GilchSW-54   MorisPS-65   {'weight': 1.0}
#GilchSW-54   FaucheM-66   {'weight': 1.0}
#GilchSW-54   BurgessB68   {'weight': 1.0}
#GilchSW-54   CohenF.-68   {'weight': 1.0}
#GilchSW-54   Harshbe-71   {'weight': 2.0}
#GilchSW-54   Snadows-72   {'weight': 1.0}
#GilchSW-54   Snadows-74   {'weight': 1.0}
Shaw...A54   #GilchSW-54   {'weight': 1.0}
Shaw...A54   Shaw...B55   {'weight': 1.0}
Shaw...A54   ChrisLM-56   {'weight': 1.0}
Shaw...A54   ShawR..-56   {'weight': 1.0}
Shaw...A54   ShawRS.-57   {'weight': 1.0}
Shaw...A54   --- 63 -     {'weight': 1.0}
Shaw...A54   Mulder.A59   {'weight': 1.0}
Shaw...A54   Mulder.B59   {'weight': 1.0}
Shaw...A54   Mulder.B60   {'weight': 1.0}
Shaw...A54   Cohen..-61   {'weight': 1.0}
Shaw...A54   CohenBW-61   {'weight': 1.0}
Shaw...A54   CohenB.-62   {'weight': 1.0}
Shaw...A54   Flament-63   {'weight': 1.0}
Shaw...A54   Lawson.-65   {'weight': 1.0}
Shaw...A54   BurgessB68   {'weight': 1.0}
Shaw...A54   Harshbe-71   {'weight': 1.0}
Shaw...A54   Freeman-77   {'weight': 1.0}
Shaw...A54   Freeman-79   {'weight': 1.0}
Shaw...C54   #GilchSW-54   {'weight': 1.0}
Shaw...C54   Walker.-54   {'weight': 1.0}
Shaw...C54   Karanef-54   {'weight': 1.0}
Shaw...C54   Shaw...B55   {'weight': 1.0}
Shaw...C54   LanzetRA56   {'weight': 1.0}
Shaw...C54   Shaw...-56   {'weight': 1.0}
Shaw...C54   ShawR..-56   {'weight': 1.0}
Shaw...C54   Trow...-57   {'weight': 1.0}
Shaw...C54   GuetzkD-57   {'weight': 1.0}
Shaw...C54   LanzetR-57   {'weight': 1.0}
Shaw...C54   ShawRS.-57   {'weight': 1.0}
Shaw...C54   ShellyG-58   {'weight': 1.0}
Shaw...C54   Shaw...-58   {'weight': 1.0}
Shaw...C54   --- 63 -     {'weight': 1.0}
Shaw...C54   Shaw...-59   {'weight': 1.0}
Shaw...C54   Mulder.A59   {'weight': 1.0}
Shaw...C54   Mulder.B59   {'weight': 1.0}
Shaw...C54   Mulder.A60   {'weight': 1.0}
Shaw...C54   Mulder.B60   {'weight': 1.0}
Shaw...C54   Cohen..-61   {'weight': 1.0}
Shaw...C54   CohenBW-61   {'weight': 1.0}
Shaw...C54   Cohen..-62   {'weight': 1.0}
Shaw...C54   CohenB.-62   {'weight': 1.0}
Shaw...C54   Flament-63   {'weight': 1.0}
Shaw...C54   Carzo..-63   {'weight': 1.0}
Shaw...C54   Lawson.A64   {'weight': 1.0}
Shaw...C54   Lawson.B64   {'weight': 1.0}
Shaw...C54   MorisSC-65   {'weight': 1.0}
Shaw...C54   MorisPS-65   {'weight': 1.0}
Shaw...C54   FaucheM-66   {'weight': 1.0}
Shaw...C54   Morisse-66   {'weight': 1.0}
Shaw...C54   Snadows-72   {'weight': 1.0}
Shaw...C54   DoktorM-74   {'weight': 1.0}
Shaw...C54   Snadows-74   {'weight': 1.0}
Shaw...C54   RogersA-76   {'weight': 1.0}
Karanef-54   Cohen..-67   {'weight': 1.0}
Guetzko-54   Trow...-57   {'weight': 1.0}
Guetzko-54   Mulder.A59   {'weight': 1.0}
Guetzko-54   Mulder.B59   {'weight': 1.0}
Guetzko-54   Mulder.B60   {'weight': 1.0}
Guetzko-54   DoktorM-74   {'weight': 1.0}
ChristL-54   ChrisLM-56   {'weight': 1.0}
ChristM-54   ChrisLM-56   {'weight': 1.0}
ChristiA54   ChrisLM-56   {'weight': 1.0}
ChristiB54   ChrisLM-56   {'weight': 1.0}
ChristiB54   GuetzkD-57   {'weight': 1.0}
ChristiB54   LanzetR-57   {'weight': 1.0}
Goldber-55   ShawRS.-57   {'weight': 1.0}
Goldber-55   Mulder.A59   {'weight': 1.0}
Goldber-55   Mulder.B59   {'weight': 1.0}
Goldber-55   Freeman-77   {'weight': 1.0}
Shaw...B55   Shaw...-56   {'weight': 1.0}
Shaw...B55   ShawR..-56   {'weight': 1.0}
Shaw...B55   ShawRS.-57   {'weight': 1.0}
Shaw...B55   Shaw...-58   {'weight': 1.0}
Shaw...B55   Shaw...-59   {'weight': 1.0}
Shaw...B55   Mulder.A59   {'weight': 1.0}
Shaw...B55   Mulder.B59   {'weight': 1.0}
Shaw...B55   Mulder.B60   {'weight': 1.0}
Shaw...B55   CohenBW-61   {'weight': 1.0}
Shaw...B55   Cohen..-62   {'weight': 1.0}
Shaw...B55   Flament-63   {'weight': 1.0}
Shaw...B55   Lawson.-65   {'weight': 1.0}
Shaw...B55   CohenF.-68   {'weight': 1.0}
Shaw...B55   Snadows-72   {'weight': 1.0}
Shaw...B55   CohenRF-73   {'weight': 1.0}
Shaw...B55   Snadows-74   {'weight': 1.0}
Shaw...A55   Shaw...-56   {'weight': 1.0}
--- 35 -     RogersA-76   {'weight': 1.0}
GuetzkS-55   ChrisLM-56   {'weight': 1.0}
GuetzkS-55   GuetzkD-57   {'weight': 1.0}
GuetzkS-55   LanzetR-57   {'weight': 1.0}
GuetzkS-55   --- 63 -     {'weight': 1.0}
GuetzkS-55   Mulder.A59   {'weight': 1.0}
GuetzkS-55   Mulder.B59   {'weight': 1.0}
GuetzkS-55   Guetzko-60   {'weight': 1.0}
GuetzkS-55   Mulder.A60   {'weight': 1.0}
GuetzkS-55   Mulder.B60   {'weight': 1.0}
GuetzkS-55   CohenBW-61   {'weight': 1.0}
GuetzkS-55   Cohen..-62   {'weight': 1.0}
GuetzkS-55   CohenB.-62   {'weight': 1.0}
GuetzkS-55   ShurRLT-62   {'weight': 1.0}
GuetzkS-55   Carzo..-63   {'weight': 1.0}
GuetzkS-55   LeavitK-63   {'weight': 1.0}
GuetzkS-55   McWhinn-54   {'weight': 1.0}
GuetzkS-55   Lawson.A64   {'weight': 1.0}
GuetzkS-55   Lawson.B64   {'weight': 1.0}
GuetzkS-55   Lawson.-65   {'weight': 1.0}
GuetzkS-55   FaucheM-66   {'weight': 1.0}
GuetzkS-55   Cohen..-67   {'weight': 1.0}
GuetzkS-55   BurgessB68   {'weight': 1.0}
GuetzkS-55   CohenF.-68   {'weight': 1.0}
GuetzkS-55   Snadows-72   {'weight': 1.0}
GuetzkS-55   DoktorM-74   {'weight': 1.0}
GuetzkS-55   Snadows-74   {'weight': 1.0}
FlamentA56   #FlamentA58   {'weight': 2.0}
FlamentA56   Mulder.A59   {'weight': 1.0}
FlamentA56   Mulder.B59   {'weight': 1.0}
FlamentA56   Mulder.A60   {'weight': 1.0}
FlamentA56   Mulder.B60   {'weight': 1.0}
FlamentA56   Flament-63   {'weight': 1.0}
FlamentB56   #FlamentA58   {'weight': 1.0}
FlamentB56   Freeman-79   {'weight': 1.0}
LanzetRA56   RobyL..A57   {'weight': 1.0}
LanzetRA56   LanzetR-57   {'weight': 1.0}
LanzetRA56   Mulder.B59   {'weight': 1.0}
LanzetRB56   RobyL..A57   {'weight': 1.0}
LanzetRB56   Mulder.B59   {'weight': 1.0}
LanzetRB56   MorisPS-65   {'weight': 1.0}
Mulder.-56   Mulder.A59   {'weight': 1.0}
Mulder.-56   Mulder.A60   {'weight': 1.0}
Mulder.-56   Mulder.B60   {'weight': 1.0}
Mulder.-56   Freeman-79   {'weight': 1.0}
RobyL..A56   LanzetRA56   {'weight': 1.0}
RobyL..A56   GuetzkD-57   {'weight': 1.0}
RobyL..A56   RobyL..A57   {'weight': 1.0}
RobyL..A56   LanzetR-57   {'weight': 1.0}
RobyL..A56   Mulder.B59   {'weight': 1.0}
RobyL..A56   FaucheM-66   {'weight': 1.0}
RobyL..B56   LanzetRA56   {'weight': 1.0}
RobyL..B56   RobyL..A57   {'weight': 1.0}
RobyL..B56   LanzetR-57   {'weight': 1.0}
Shaw...-56   #FlamentA58   {'weight': 1.0}
Shaw...-56   Mulder.A59   {'weight': 1.0}
Shaw...-56   Mulder.B59   {'weight': 1.0}
Shaw...-56   Cohen..-62   {'weight': 1.0}
Shaw...-56   Flament-63   {'weight': 1.0}
Shaw...-56   Lawson.A64   {'weight': 1.0}
Shaw...-56   Lawson.B64   {'weight': 1.0}
Shaw...-56   Lawson.-65   {'weight': 1.0}
Shaw...-56   MorisPS-65   {'weight': 1.0}
Shaw...-56   BurgessB68   {'weight': 1.0}
ShawR..-56   #FlamentA58   {'weight': 1.0}
ShawR..-56   --- 63 -     {'weight': 1.0}
ShawR..-56   Shaw...-59   {'weight': 1.0}
ShawR..-56   Mulder.B59   {'weight': 1.0}
ShawR..-56   Mulder.B60   {'weight': 1.0}
ShawR..-56   CohenBW-61   {'weight': 1.0}
ShawR..-56   CohenB.-62   {'weight': 1.0}
ShawR..-56   Lawson.B64   {'weight': 1.0}
ShawR..-56   BurgessB68   {'weight': 1.0}
ShawR..-56   DoktorM-74   {'weight': 1.0}
Trow...-57   GuetzkD-57   {'weight': 1.0}
Trow...-57   Mulder.A59   {'weight': 1.0}
Trow...-57   Mulder.B60   {'weight': 1.0}
Trow...-57   WatsonB-65   {'weight': 1.0}
GuetzkD-57   --- 63 -     {'weight': 1.0}
GuetzkD-57   Mulder.B59   {'weight': 1.0}
GuetzkD-57   Guetzko-60   {'weight': 1.0}
GuetzkD-57   CohenB.-61   {'weight': 1.0}
GuetzkD-57   CohenBW-61   {'weight': 1.0}
GuetzkD-57   Cohen..-62   {'weight': 1.0}
GuetzkD-57   CohenB.-62   {'weight': 1.0}
GuetzkD-57   ShurRLT-62   {'weight': 1.0}
GuetzkD-57   McWhinn-54   {'weight': 1.0}
GuetzkD-57   Lawson.A64   {'weight': 1.0}
GuetzkD-57   Lawson.-65   {'weight': 1.0}
GuetzkD-57   FaucheM-66   {'weight': 1.0}
GuetzkD-57   BurgessB68   {'weight': 1.0}
GuetzkD-57   DoktorM-74   {'weight': 1.0}
LanzetR-57   #FlamentA58   {'weight': 1.0}
LanzetR-57   MorisPS-65   {'weight': 1.0}
LanzetR-57   RogersA-76   {'weight': 1.0}
ShawRS.-57   #FlamentA58   {'weight': 1.0}
ShawRS.-57   Mulder.B59   {'weight': 1.0}
ShawRS.-57   Flament-61   {'weight': 1.0}
ShawRS.-57   Flament-63   {'weight': 1.0}
ShawRS.-57   BurgessB68   {'weight': 1.0}
ShawRS.-57   DoktorM-74   {'weight': 1.0}
ShellyG-58   Walker.-54   {'weight': 1.0}
ShellyG-58   Flament-63   {'weight': 1.0}
ShellyG-58   MorisPS-65   {'weight': 1.0}
ShellyG-58   RogersA-76   {'weight': 1.0}
#FlamentA58   Flament-61   {'weight': 1.0}
#FlamentA58   Flament-63   {'weight': 2.0}
Shaw...-58   Lawson.-65   {'weight': 1.0}
Shaw...-58   MorisPS-65   {'weight': 1.0}
Shaw...-58   BurgessB68   {'weight': 1.0}
Mulder.-58   Freeman-79   {'weight': 1.0}
--- 62 -   FaucheM-66   {'weight': 1.0}
--- 63 -     Cohen..-61   {'weight': 1.0}
--- 63 -     CohenB.-61   {'weight': 1.0}
--- 64 -   Cohen..-61   {'weight': 1.0}
--- 64 -   CohenB.-61   {'weight': 1.0}
Shaw...-59   Cohen..-67   {'weight': 1.0}
Mulder.A59   Mulder.B59   {'weight': 1.0}
Mulder.A59   Mulder.B60   {'weight': 1.0}
Mulder.A59   WatsonB-65   {'weight': 1.0}
Mulder.B59   Mulder.A60   {'weight': 1.0}
Mulder.B59   BurgessB68   {'weight': 1.0}
Mulder.B59   CohenF.-68   {'weight': 1.0}
Mulder.B59   Harshbe-71   {'weight': 1.0}
Flament-60   Flament-61   {'weight': 1.0}
Flament-60   Freeman-79   {'weight': 1.0}
CohenBW-60   Cohen..-61   {'weight': 1.0}
CohenBW-60   Cohen..-62   {'weight': 1.0}
CohenBW-60   CohenB.-62   {'weight': 1.0}
CohenB-A60   Cohen..-61   {'weight': 1.0}
CohenB-A60   Cohen..-62   {'weight': 1.0}
CohenB-B60   Cohen..-61   {'weight': 1.0}
CohenBB-60   Cohen..-61   {'weight': 1.0}
CohenBB-60   Cohen..-62   {'weight': 1.0}
CohenBB-60   CohenB.-62   {'weight': 1.0}
Guetzko-60   ShurRLT-62   {'weight': 1.0}
MohannA-60   Cohen..-67   {'weight': 1.0}
MohannA-60   BurgessB68   {'weight': 1.0}
MohannA-60   CohenF.-68   {'weight': 1.0}
Mulder.A60   Cohen.-C64   {'weight': 1.0}
Mulder.A60   FaucheM-66   {'weight': 1.0}
Mulder.A60   BurgessB68   {'weight': 1.0}
FaucheM-60   MacKenz-66   {'weight': 1.0}
FaucheM-60   FaucheM-66   {'weight': 1.0}
FaucheM-60   Freeman-79   {'weight': 1.0}
Flament-61   Flament-63   {'weight': 1.0}
CohenB.-61   Cohen..-62   {'weight': 1.0}
CohenB.-61   Cohen.-C64   {'weight': 1.0}
CohenB.-61   Cohen..A64   {'weight': 1.0}
CohenB.-61   Cohen..-67   {'weight': 1.0}
CohenB.-61   CohenF.-68   {'weight': 1.0}
CohenB.-61   CohenRF-73   {'weight': 1.0}
CohenBW-61   CohenB.-62   {'weight': 1.0}
CohenBW-61   CohenBW-62   {'weight': 1.0}
CohenBW-61   LeavitK-63   {'weight': 1.0}
CohenBW-61   Cohen.-C64   {'weight': 1.0}
CohenBW-61   Lawson.A64   {'weight': 1.0}
CohenBW-61   MorisSC-65   {'weight': 1.0}
CohenBW-61   FaucheM-66   {'weight': 1.0}
CohenBW-61   Morisse-66   {'weight': 1.0}
CohenBW-61   BurgessB68   {'weight': 1.0}
CohenBW-61   CohenF.-68   {'weight': 1.0}
CohenBW-61   Snadows-74   {'weight': 1.0}
GlanzeG-61   Freeman-79   {'weight': 1.0}
Cohen..-62   Cohen.-C64   {'weight': 1.0}
Cohen..-62   Cohen..A64   {'weight': 1.0}
Cohen..-62   Cohen..-67   {'weight': 1.0}
Cohen..-62   CohenF.-68   {'weight': 1.0}
Cohen..-62   CohenRF-73   {'weight': 1.0}
CohenB.-62   Cohen.-C64   {'weight': 1.0}
CohenB.-62   Cohen..A64   {'weight': 1.0}
CohenB.-62   Cohen..-67   {'weight': 1.0}
CohenB.-62   CohenF.-68   {'weight': 1.0}
CohenB.-62   CohenRF-73   {'weight': 1.0}
CohenBW-62   CohenB.-62   {'weight': 1.0}
CohenBW-62   Cohen.-C64   {'weight': 1.0}
CohenBW-62   Cohen..A64   {'weight': 1.0}
CohenBW-62   Lawson.B64   {'weight': 1.0}
CohenBW-62   Lawson.-65   {'weight': 1.0}
CohenBW-62   BurgessB68   {'weight': 1.0}
CohenBW-62   CohenF.-68   {'weight': 1.0}
ShurRLT-62   Lawson.A64   {'weight': 1.0}
ShurRLT-62   Lawson.B64   {'weight': 1.0}
ShurRLT-62   Snadows-72   {'weight': 1.0}
ShurRLT-62   Snadows-74   {'weight': 1.0}
Flament-63   Beaucha-65   {'weight': 1.0}
Flament-63   Sabidus-66   {'weight': 1.0}
Flament-63   FaucheM-66   {'weight': 1.0}
Flament-63   Niemine-73   {'weight': 1.0}
Flament-63   Niemine-74   {'weight': 1.0}
Flament-63   MoxleyM-74   {'weight': 1.0}
Flament-63   Freeman-77   {'weight': 1.0}
Flament-63   Freeman-79   {'weight': 1.0}
LeavitK-63   Cohen..A64   {'weight': 1.0}
Cohen..B64   Cohen.-C64   {'weight': 1.0}
Cohen..B64   Cohen..A64   {'weight': 1.0}
Cohen..B64   Cohen..-67   {'weight': 1.0}
Cohen..B64   CohenF.-68   {'weight': 1.0}
Cohen.-C64   Cohen..A64   {'weight': 1.0}
Cohen.-C64   Cohen..-67   {'weight': 1.0}
Cohen.-C64   CohenF.-68   {'weight': 1.0}
Cohen.-C64   CohenRF-73   {'weight': 1.0}
McWhinn-54   DoktorM-74   {'weight': 1.0}
Cohen..A64   Cohen..-67   {'weight': 1.0}
Cohen..A64   Freeman-79   {'weight': 1.0}
Lawson.A64   Lawson.B64   {'weight': 1.0}
Lawson.A64   BurgessB68   {'weight': 1.0}
Lawson.B64   BurgessB68   {'weight': 1.0}
Shaw...-64   RogersA-76   {'weight': 1.0}
Shaw...-64   Freeman-79   {'weight': 1.0}
MacKenz-64   Freeman-79   {'weight': 1.0}
Lawson.-65   Lawson.A64   {'weight': 1.0}
Lawson.-65   Lawson.B64   {'weight': 1.0}
Beaucha-65   Sabidus-66   {'weight': 1.0}
Beaucha-65   Niemine-73   {'weight': 1.0}
Beaucha-65   Niemine-74   {'weight': 1.0}
Beaucha-65   MoxleyM-74   {'weight': 1.0}
Beaucha-65   Freeman-77   {'weight': 1.0}
Beaucha-65   Freeman-79   {'weight': 1.0}
MorisSC-65   Morisse-66   {'weight': 1.0}
MorisPS-65   MorisSC-65   {'weight': 1.0}
MorisPS-65   Morisse-66   {'weight': 1.0}
WatsonB-65   Snadows-74   {'weight': 1.0}
Flament-65   Freeman-79   {'weight': 1.0}
Sabidus-66   Niemine-73   {'weight': 1.0}
Sabidus-66   Niemine-74   {'weight': 1.0}
Sabidus-66   MoxleyM-74   {'weight': 1.0}
Sabidus-66   Freeman-77   {'weight': 1.0}
Sabidus-66   Freeman-79   {'weight': 1.0}
MacKenz-66   FaucheM-66   {'weight': 1.0}
MacKenz-66   Niemine-73   {'weight': 1.0}
MacKenz-66   Niemine-74   {'weight': 1.0}
MacKenz-66   MoxleyM-74   {'weight': 1.0}
MacKenz-66   Freeman-77   {'weight': 1.0}
MacKenz-66   Freeman-79   {'weight': 1.0}
FaucheM-66   Snadows-72   {'weight': 1.0}
Cohen..-67   CohenF.-68   {'weight': 1.0}
BurgessB68   BurgessC68   {'weight': 1.0}
Burgess-68   BurgessB68   {'weight': 1.0}
Burgess-68   Freeman-79   {'weight': 1.0}
CollinR-69   RogersA-76   {'weight': 1.0}
Harshbe-71   Snadows-74   {'weight': 1.0}
Snadows-72   Freeman-79   {'weight': 1.0}
Niemine-73   Freeman-77   {'weight': 1.0}
Niemine-73   Freeman-79   {'weight': 1.0}
Niemine-74   Freeman-77   {'weight': 1.0}
Niemine-74   Freeman-79   {'weight': 1.0}
MoxleyM-74   Freeman-77   {'weight': 1.0}
MoxleyM-74   Freeman-79   {'weight': 1.0}
Rogers.-74   Freeman-77   {'weight': 1.0}
Rogers.-74   Freeman-79   {'weight': 1.0}
RogersA-76   Freeman-79   {'weight': 1.0}
Freeman-77   Freeman-79   {'weight': 1.0}
*Partition   centrality_literature_year.clu   {}
*Vertices   Freeman-79   {}
132
615
